../Dll\CognitiveRadio.pdb
C:\USERS\UPAL\DESKTOP\PROJECTS_9.1_32 BITS\PUEA\COGNITIVERADIO\DEBUG\802_22.OBJ
C:\Users\Upal\Desktop\Projects_9.1_32 bits\PUEA\CognitiveRadio\Debug\cl.command.1.tlog
C:\Users\Upal\Desktop\Projects_9.1_32 bits\PUEA\CognitiveRadio\Debug\CL.read.1.tlog
C:\Users\Upal\Desktop\Projects_9.1_32 bits\PUEA\CognitiveRadio\Debug\CL.write.1.tlog
C:\USERS\UPAL\DESKTOP\PROJECTS_9.1_32 BITS\PUEA\COGNITIVERADIO\DEBUG\COGNITIVERADIO.DLL.INTERMEDIATE.MANIFEST
C:\Users\Upal\Desktop\Projects_9.1_32 bits\PUEA\CognitiveRadio\Debug\CognitiveRadio.write.1.tlog
C:\USERS\UPAL\DESKTOP\PROJECTS_9.1_32 BITS\PUEA\COGNITIVERADIO\DEBUG\DCD.OBJ
C:\USERS\UPAL\DESKTOP\PROJECTS_9.1_32 BITS\PUEA\COGNITIVERADIO\DEBUG\DSFRAME.OBJ
C:\USERS\UPAL\DESKTOP\PROJECTS_9.1_32 BITS\PUEA\COGNITIVERADIO\DEBUG\DSMAP.OBJ
C:\USERS\UPAL\DESKTOP\PROJECTS_9.1_32 BITS\PUEA\COGNITIVERADIO\DEBUG\DSX.OBJ
C:\USERS\UPAL\DESKTOP\PROJECTS_9.1_32 BITS\PUEA\COGNITIVERADIO\DEBUG\FCH.OBJ
C:\USERS\UPAL\DESKTOP\PROJECTS_9.1_32 BITS\PUEA\COGNITIVERADIO\DEBUG\FRAGMENTATION.OBJ
C:\USERS\UPAL\DESKTOP\PROJECTS_9.1_32 BITS\PUEA\COGNITIVERADIO\DEBUG\INCUMBENT.OBJ
C:\Users\Upal\Desktop\Projects_9.1_32 bits\PUEA\CognitiveRadio\Debug\link.3308.read.1.tlog
C:\Users\Upal\Desktop\Projects_9.1_32 bits\PUEA\CognitiveRadio\Debug\link.3308.write.1.tlog
C:\Users\Upal\Desktop\Projects_9.1_32 bits\PUEA\CognitiveRadio\Debug\link.command.1.tlog
C:\Users\Upal\Desktop\Projects_9.1_32 bits\PUEA\CognitiveRadio\Debug\link.read.1.tlog
C:\Users\Upal\Desktop\Projects_9.1_32 bits\PUEA\CognitiveRadio\Debug\link.write.1.tlog
C:\Users\Upal\Desktop\Projects_9.1_32 bits\PUEA\CognitiveRadio\Debug\mt.command.1.tlog
C:\Users\Upal\Desktop\Projects_9.1_32 bits\PUEA\CognitiveRadio\Debug\mt.read.1.tlog
C:\Users\Upal\Desktop\Projects_9.1_32 bits\PUEA\CognitiveRadio\Debug\mt.write.1.tlog
C:\USERS\UPAL\DESKTOP\PROJECTS_9.1_32 BITS\PUEA\COGNITIVERADIO\DEBUG\OFDMA.OBJ
C:\USERS\UPAL\DESKTOP\PROJECTS_9.1_32 BITS\PUEA\COGNITIVERADIO\DEBUG\PACKETFORWARD.OBJ
C:\USERS\UPAL\DESKTOP\PROJECTS_9.1_32 BITS\PUEA\COGNITIVERADIO\DEBUG\PROPAGATIONMODEL.OBJ
C:\USERS\UPAL\DESKTOP\PROJECTS_9.1_32 BITS\PUEA\COGNITIVERADIO\DEBUG\SCH.OBJ
C:\USERS\UPAL\DESKTOP\PROJECTS_9.1_32 BITS\PUEA\COGNITIVERADIO\DEBUG\SPECTRUMMANAGER.OBJ
C:\USERS\UPAL\DESKTOP\PROJECTS_9.1_32 BITS\PUEA\COGNITIVERADIO\DEBUG\UCD.OBJ
C:\USERS\UPAL\DESKTOP\PROJECTS_9.1_32 BITS\PUEA\COGNITIVERADIO\DEBUG\USFRAME.OBJ
C:\USERS\UPAL\DESKTOP\PROJECTS_9.1_32 BITS\PUEA\COGNITIVERADIO\DEBUG\USMAP.OBJ
C:\Users\Upal\Desktop\Projects_9.1_32 bits\PUEA\CognitiveRadio\Debug\vc100.idb
C:\USERS\UPAL\DESKTOP\PROJECTS_9.1_32 BITS\PUEA\COGNITIVERADIO\DEBUG\VC100.PDB
C:\Users\Upal\Desktop\Projects_9.1_32 bits\PUEA\Dll\CognitiveRadio.exp
C:\Users\Upal\Desktop\Projects_9.1_32 bits\PUEA\Dll\CognitiveRadio.lib
C:\USERS\UPAL\DESKTOP\PROJECTS_9.1_32 BITS\PUEA\DLL\COGNITIVERADIO.PDB
C:\USERS\UPAL\DESKTOP\PROJECTS_9.1_32 BITS\PUEA\DLL\LIBCOGNITIVERADIO.DLL
