Build started 07-12-2016 AM 9:16:53.
     1>Project "C:\Users\Upal\Desktop\Projects_9.1_32 bits\PUEA\CognitiveRadio\CognitiveRadio.vcxproj" on node 2 (rebuild target(s)).
     1>_PrepareForClean:
         Deleting file "Debug\CognitiveRadio.lastbuildstate".
     1>C:\Program Files (x86)\MSBuild\Microsoft.Cpp\v4.0\Microsoft.CppBuild.targets(299,5): warning MSB8004: Output Directory does not end with a trailing slash.  This build instance will add the slash as it is required to allow proper evaluation of the Output Directory.
       InitializeBuildStatus:
         Creating "Debug\CognitiveRadio.unsuccessfulbuild" because "AlwaysCreate" was specified.
       ClCompile:
         C:\Program Files (x86)\Microsoft Visual Studio 10.0\VC\bin\CL.exe /c /I../Include /ZI /nologo /W3 /WX- /Od /Oy- /D WIN32 /D _DEBUG /D _WINDOWS /D _USRDLL /D COGNITIVERADIO_EXPORTS /D _WINDLL /D _UNICODE /D UNICODE /Gm /EHsc /RTC1 /MDd /GS /fp:precise /Zc:wchar_t /Zc:forScope /Fo"Debug\\" /Fd"Debug\vc100.pdb" /Gd /TC /analyze- /errorReport:prompt 802_22.c DCD.c DSFrame.c DSMAP.c DSx.c FCH.c Fragmentation.c Incumbent.c OFDMA.c PacketForward.c PropagationModel.c SCH.c SpectrumManager.c UCD.c USFrame.c USMAP.c
         USMAP.c
         USFrame.c
         UCD.c
         SpectrumManager.c
     1>c:\users\upal\desktop\projects_9.1_32 bits\puea\cognitiveradio\spectrummanager.c(325): warning C4244: '=' : conversion from 'double' to 'int', possible loss of data
     1>c:\users\upal\desktop\projects_9.1_32 bits\puea\cognitiveradio\spectrummanager.c(330): warning C4244: '=' : conversion from 'double' to 'int', possible loss of data
         SCH.c
         PropagationModel.c
         PacketForward.c
         OFDMA.c
         Incumbent.c
         Fragmentation.c
         FCH.c
         DSx.c
         DSMAP.c
         DSFrame.c
         DCD.c
         802_22.c
         Generating Code...
     1>C:\Program Files (x86)\MSBuild\Microsoft.Cpp\v4.0\Microsoft.CppBuild.targets(990,5): warning MSB8012: TargetPath(C:\Users\Upal\Desktop\Projects_9.1_32 bits\PUEA\CognitiveRadio\../Dll\CognitiveRadio.dll) does not match the Linker's OutputFile property value (C:\Users\Upal\Desktop\Projects_9.1_32 bits\PUEA\Dll\libCognitiveRadio.dll). This may cause your project to build incorrectly. To correct this, please make sure that $(OutDir), $(TargetName) and $(TargetExt) property values match the value specified in %(Link.OutputFile).
     1>C:\Program Files (x86)\MSBuild\Microsoft.Cpp\v4.0\Microsoft.CppBuild.targets(992,5): warning MSB8012: TargetName(CognitiveRadio) does not match the Linker's OutputFile property value (libCognitiveRadio). This may cause your project to build incorrectly. To correct this, please make sure that $(OutDir), $(TargetName) and $(TargetExt) property values match the value specified in %(Link.OutputFile).
       Link:
         C:\Program Files (x86)\Microsoft Visual Studio 10.0\VC\bin\link.exe /ERRORREPORT:PROMPT /OUT:"../Dll\libCognitiveRadio.dll" /INCREMENTAL:NO /NOLOGO /LIBPATH:../lib kernel32.lib user32.lib gdi32.lib winspool.lib comdlg32.lib advapi32.lib shell32.lib ole32.lib oleaut32.lib uuid.lib odbc32.lib odbccp32.lib /MANIFEST /ManifestFile:"Debug\CognitiveRadio.dll.intermediate.manifest" /MANIFESTUAC:"level='asInvoker' uiAccess='false'" /DEBUG /PDB:"C:\Users\Upal\Desktop\Projects_9.1_32 bits\PUEA\Dll\CognitiveRadio.pdb" /SUBSYSTEM:WINDOWS /TLBID:1 /DYNAMICBASE /NXCOMPAT /IMPLIB:"../Dll\CognitiveRadio.lib" /MACHINE:X86 /DLL Debug\802_22.obj
         Debug\DCD.obj
         Debug\DSFrame.obj
         Debug\DSMAP.obj
         Debug\DSx.obj
         Debug\FCH.obj
         Debug\Fragmentation.obj
         Debug\Incumbent.obj
         Debug\OFDMA.obj
         Debug\PacketForward.obj
         Debug\PropagationModel.obj
         Debug\SCH.obj
         Debug\SpectrumManager.obj
         Debug\UCD.obj
         Debug\USFrame.obj
         Debug\USMAP.obj
     1>802_22.obj : warning LNK4075: ignoring '/EDITANDCONTINUE' due to '/INCREMENTAL:NO' specification
         CognitiveRadio.lib(802_22_lib.obj) : MSIL .netmodule or module compiled with /GL found; restarting link with /LTCG; add /LTCG to the link command line to improve linker performance
     1>802_22.obj : warning LNK4075: ignoring '/EDITANDCONTINUE' due to '/INCREMENTAL:NO' specification
            Creating library ../Dll\CognitiveRadio.lib and object ../Dll\CognitiveRadio.exp
     1>LINK : warning LNK4098: defaultlib 'MSVCRT' conflicts with use of other libs; use /NODEFAULTLIB:library
         Generating code
         Finished generating code
     1>CognitiveRadio.lib(802_22_lib.obj) : warning LNK4099: PDB 'vc100.pdb' was not found with 'CognitiveRadio.lib(802_22_lib.obj)' or at 'C:\Users\Upal\Desktop\Projects_9.1_32 bits\PUEA\Dll\vc100.pdb'; linking object as if no debug info
     1>ErrorModel.lib(ber.obj) : warning LNK4099: PDB 'vc100.pdb' was not found with 'ErrorModel.lib(ber.obj)' or at 'C:\Users\Upal\Desktop\Projects_9.1_32 bits\PUEA\Dll\vc100.pdb'; linking object as if no debug info
         CognitiveRadio.vcxproj -> C:\Users\Upal\Desktop\Projects_9.1_32 bits\PUEA\CognitiveRadio\../Dll\CognitiveRadio.dll
       Manifest:
         C:\Program Files (x86)\Microsoft SDKs\Windows\v7.0A\bin\mt.exe /nologo /verbose /outputresource:"../Dll\libCognitiveRadio.dll;#2" /manifest Debug\CognitiveRadio.dll.intermediate.manifest
       FinalizeBuildStatus:
         Deleting file "Debug\CognitiveRadio.unsuccessfulbuild".
         Touching "Debug\CognitiveRadio.lastbuildstate".
     1>Done Building Project "C:\Users\Upal\Desktop\Projects_9.1_32 bits\PUEA\CognitiveRadio\CognitiveRadio.vcxproj" (rebuild target(s)).

Build succeeded.

Time Elapsed 00:00:06.40
